[2020-02-15 10:56:34] local.ERROR: Maximum execution time of 60 seconds exceeded {"userId":4,"exception":"[object] (Symfony\\Component\\Debug\\Exception\\FatalErrorException(code: 1): Maximum execution time of 60 seconds exceeded at C:\\Users\\63977\\Desktop\\thesis\\ITProject2\\finalThesis\\Jeff\\vendor\\dompdf\\dompdf\\src\\Helpers.php:506)
[stacktrace]
#0 {main}
"} 
[2020-02-15 10:57:53] local.ERROR: Maximum execution time of 60 seconds exceeded {"userId":4,"exception":"[object] (Symfony\\Component\\Debug\\Exception\\FatalErrorException(code: 1): Maximum execution time of 60 seconds exceeded at C:\\Users\\63977\\Desktop\\thesis\\ITProject2\\finalThesis\\Jeff\\vendor\\dompdf\\dompdf\\src\\Helpers.php:506)
[stacktrace]
#0 {main}
"} 
[2020-02-15 10:58:00] local.ERROR: Undefined variable: data {"userId":4,"exception":"[object] (ErrorException(code: 0): Undefined variable: data at C:\\Users\\63977\\Desktop\\thesis\\ITProject2\\finalThesis\\Jeff\\app\\Http\\Controllers\\api\\GenerateController.php:88)
[stacktrace]
#0 C:\\Users\\63977\\Desktop\\thesis\\ITProject2\\finalThesis\\Jeff\\app\\Http\\Controllers\\api\\GenerateController.php(88): Illuminate\\Foundation\\Bootstrap\\HandleExceptions->handleError(8, 'Undefined varia...', 'C:\\\\Users\\\\63977\\\\...', 88, Array)
#1 [internal function]: App\\Http\\Controllers\\api\\GenerateController->generate('6', '162')
#2 C:\\Users\\63977\\Desktop\\thesis\\ITProject2\\finalThesis\\Jeff\\vendor\\laravel\\framework\\src\\Illuminate\\Routing\\Controller.php(54): call_user_func_array(Array, Array)
#3 C:\\Users\\63977\\Desktop\\thesis\\ITProject2\\finalThesis\\Jeff\\vendor\\laravel\\framework\\src\\Illuminate\\Routing\\ControllerDispatcher.php(45): Illuminate\\Routing\\Controller->callAction('generate', Array)
#4 C:\\Users\\63977\\Desktop\\thesis\\ITProject2\\finalThesis\\Jeff\\vendor\\laravel\\framework\\src\\Illuminate\\Routing\\Route.php(219): Illuminate\\Routing\\ControllerDispatcher->dispatch(Object(Illuminate\\Routing\\Route), Object(App\\Http\\Controllers\\api\\GenerateController), 'generate')
#5 C:\\Users\\63977\\Desktop\\thesis\\ITProject2\\finalThesis\\Jeff\\vendor\\laravel\\framework\\src\\Illuminate\\Routing\\Route.php(176): Illuminate\\Routing\\Route->runController()
#6 C:\\Users\\63977\\Desktop\\thesis\\ITProject2\\finalThesis\\Jeff\\vendor\\laravel\\framework\\src\\Illuminate\\Routing\\Router.php(681): Illuminate\\Routing\\Route->run()
#7 C:\\Users\\63977\\Desktop\\thesis\\ITProject2\\finalThesis\\Jeff\\vendor\\laravel\\framework\\src\\Illuminate\\Pipeline\\Pipeline.php(130): Illuminate\\Routing\\Router->Illuminate\\Routing\\{closure}(Object(Illuminate\\Http\\Request))
#8 C:\\Users\\63977\\Desktop\\thesis\\ITProject2\\finalThesis\\Jeff\\vendor\\laravel\\framework\\src\\Illuminate\\Routing\\Middleware\\SubstituteBindings.php(41): Illuminate\\Pipeline\\Pipeline->Illuminate\\Pipeline\\{closure}(Object(Illuminate\\Http\\Request))
#9 C:\\Users\\63977\\Desktop\\thesis\\ITProject2\\finalThesis\\Jeff\\vendor\\laravel\\framework\\src\\Illuminate\\Pipeline\\Pipeline.php(171): Illuminate\\Routing\\Middleware\\SubstituteBindings->handle(Object(Illuminate\\Http\\Request), Object(Closure))
#10 C:\\Users\\63977\\Desktop\\thesis\\ITProject2\\finalThesis\\Jeff\\vendor\\laravel\\framework\\src\\Illuminate\\Foundation\\Http\\Middleware\\VerifyCsrfToken.php(76): Illuminate\\Pipeline\\Pipeline->Illuminate\\Pipeline\\{closure}(Object(Illuminate\\Http\\Request))
#11 C:\\Users\\63977\\Desktop\\thesis\\ITProject2\\finalThesis\\Jeff\\vendor\\laravel\\framework\\src\\Illuminate\\Pipeline\\Pipeline.php(171): Illuminate\\Foundation\\Http\\Middleware\\VerifyCsrfToken->handle(Object(Illuminate\\Http\\Request), Object(Closure))
#12 C:\\Users\\63977\\Desktop\\thesis\\ITProject2\\finalThesis\\Jeff\\vendor\\laravel\\framework\\src\\Illuminate\\View\\Middleware\\ShareErrorsFromSession.php(49): Illuminate\\Pipeline\\Pipeline->Illuminate\\Pipeline\\{closure}(Object(Illuminate\\Http\\Request))
#13 C:\\Users\\63977\\Desktop\\thesis\\ITProject2\\finalThesis\\Jeff\\vendor\\laravel\\framework\\src\\Illuminate\\Pipeline\\Pipeline.php(171): Illuminate\\View\\Middleware\\ShareErrorsFromSession->handle(Object(Illuminate\\Http\\Request), Object(Closure))
#14 C:\\Users\\63977\\Desktop\\thesis\\ITProject2\\finalThesis\\Jeff\\vendor\\laravel\\framework\\src\\Illuminate\\Session\\Middleware\\StartSession.php(56): Illuminate\\Pipeline\\Pipeline->Illuminate\\Pipeline\\{closure}(Object(Illuminate\\Http\\Request))
#15 C:\\Users\\63977\\Desktop\\thesis\\ITProject2\\finalThesis\\Jeff\\vendor\\laravel\\framework\\src\\Illuminate\\Pipeline\\Pipeline.php(171): Illuminate\\Session\\Middleware\\StartSession->handle(Object(Illuminate\\Http\\Request), Object(Closure))
#16 C:\\Users\\63977\\Desktop\\thesis\\ITProject2\\finalThesis\\Jeff\\vendor\\laravel\\framework\\src\\Illuminate\\Cookie\\Middleware\\AddQueuedCookiesToResponse.php(37): Illuminate\\Pipeline\\Pipeline->Illuminate\\Pipeline\\{closure}(Object(Illuminate\\Http\\Request))
#17 C:\\Users\\63977\\Desktop\\thesis\\ITProject2\\finalThesis\\Jeff\\vendor\\laravel\\framework\\src\\Illuminate\\Pipeline\\Pipeline.php(171): Illuminate\\Cookie\\Middleware\\AddQueuedCookiesToResponse->handle(Object(Illuminate\\Http\\Request), Object(Closure))
#18 C:\\Users\\63977\\Desktop\\thesis\\ITProject2\\finalThesis\\Jeff\\vendor\\laravel\\framework\\src\\Illuminate\\Cookie\\Middleware\\EncryptCookies.php(66): Illuminate\\Pipeline\\Pipeline->Illuminate\\Pipeline\\{closure}(Object(Illuminate\\Http\\Request))
#19 C:\\Users\\63977\\Desktop\\thesis\\ITProject2\\finalThesis\\Jeff\\vendor\\laravel\\framework\\src\\Illuminate\\Pipeline\\Pipeline.php(171): Illuminate\\Cookie\\Middleware\\EncryptCookies->handle(Object(Illuminate\\Http\\Request), Object(Closure))
#20 C:\\Users\\63977\\Desktop\\thesis\\ITProject2\\finalThesis\\Jeff\\vendor\\laravel\\framework\\src\\Illuminate\\Pipeline\\Pipeline.php(105): Illuminate\\Pipeline\\Pipeline->Illuminate\\Pipeline\\{closure}(Object(Illuminate\\Http\\Request))
#21 C:\\Users\\63977\\Desktop\\thesis\\ITProject2\\finalThesis\\Jeff\\vendor\\laravel\\framework\\src\\Illuminate\\Routing\\Router.php(683): Illuminate\\Pipeline\\Pipeline->then(Object(Closure))
#22 C:\\Users\\63977\\Desktop\\thesis\\ITProject2\\finalThesis\\Jeff\\vendor\\laravel\\framework\\src\\Illuminate\\Routing\\Router.php(658): Illuminate\\Routing\\Router->runRouteWithinStack(Object(Illuminate\\Routing\\Route), Object(Illuminate\\Http\\Request))
#23 C:\\Users\\63977\\Desktop\\thesis\\ITProject2\\finalThesis\\Jeff\\vendor\\laravel\\framework\\src\\Illuminate\\Routing\\Router.php(624): Illuminate\\Routing\\Router->runRoute(Object(Illuminate\\Http\\Request), Object(Illuminate\\Routing\\Route))
#24 C:\\Users\\63977\\Desktop\\thesis\\ITProject2\\finalThesis\\Jeff\\vendor\\laravel\\framework\\src\\Illuminate\\Routing\\Router.php(613): Illuminate\\Routing\\Router->dispatchToRoute(Object(Illuminate\\Http\\Request))
#25 C:\\Users\\63977\\Desktop\\thesis\\ITProject2\\finalThesis\\Jeff\\vendor\\laravel\\framework\\src\\Illuminate\\Foundation\\Http\\Kernel.php(170): Illuminate\\Routing\\Router->dispatch(Object(Illuminate\\Http\\Request))
#26 C:\\Users\\63977\\Desktop\\thesis\\ITProject2\\finalThesis\\Jeff\\vendor\\laravel\\framework\\src\\Illuminate\\Pipeline\\Pipeline.php(130): Illuminate\\Foundation\\Http\\Kernel->Illuminate\\Foundation\\Http\\{closure}(Object(Illuminate\\Http\\Request))
#27 C:\\Users\\63977\\Desktop\\thesis\\ITProject2\\finalThesis\\Jeff\\vendor\\laravel\\framework\\src\\Illuminate\\Foundation\\Http\\Middleware\\TransformsRequest.php(21): Illuminate\\Pipeline\\Pipeline->Illuminate\\Pipeline\\{closure}(Object(Illuminate\\Http\\Request))
#28 C:\\Users\\63977\\Desktop\\thesis\\ITProject2\\finalThesis\\Jeff\\vendor\\laravel\\framework\\src\\Illuminate\\Pipeline\\Pipeline.php(171): Illuminate\\Foundation\\Http\\Middleware\\TransformsRequest->handle(Object(Illuminate\\Http\\Request), Object(Closure))
#29 C:\\Users\\63977\\Desktop\\thesis\\ITProject2\\finalThesis\\Jeff\\vendor\\laravel\\framework\\src\\Illuminate\\Foundation\\Http\\Middleware\\TransformsRequest.php(21): Illuminate\\Pipeline\\Pipeline->Illuminate\\Pipeline\\{closure}(Object(Illuminate\\Http\\Request))
#30 C:\\Users\\63977\\Desktop\\thesis\\ITProject2\\finalThesis\\Jeff\\vendor\\laravel\\framework\\src\\Illuminate\\Pipeline\\Pipeline.php(171): Illuminate\\Foundation\\Http\\Middleware\\TransformsRequest->handle(Object(Illuminate\\Http\\Request), Object(Closure))
#31 C:\\Users\\63977\\Desktop\\thesis\\ITProject2\\finalThesis\\Jeff\\vendor\\laravel\\framework\\src\\Illuminate\\Foundation\\Http\\Middleware\\ValidatePostSize.php(27): Illuminate\\Pipeline\\Pipeline->Illuminate\\Pipeline\\{closure}(Object(Illuminate\\Http\\Request))
#32 C:\\Users\\63977\\Desktop\\thesis\\ITProject2\\finalThesis\\Jeff\\vendor\\laravel\\framework\\src\\Illuminate\\Pipeline\\Pipeline.php(171): Illuminate\\Foundation\\Http\\Middleware\\ValidatePostSize->handle(Object(Illuminate\\Http\\Request), Object(Closure))
#33 C:\\Users\\63977\\Desktop\\thesis\\ITProject2\\finalThesis\\Jeff\\vendor\\laravel\\framework\\src\\Illuminate\\Foundation\\Http\\Middleware\\CheckForMaintenanceMode.php(62): Illuminate\\Pipeline\\Pipeline->Illuminate\\Pipeline\\{closure}(Object(Illuminate\\Http\\Request))
#34 C:\\Users\\63977\\Desktop\\thesis\\ITProject2\\finalThesis\\Jeff\\vendor\\laravel\\framework\\src\\Illuminate\\Pipeline\\Pipeline.php(171): Illuminate\\Foundation\\Http\\Middleware\\CheckForMaintenanceMode->handle(Object(Illuminate\\Http\\Request), Object(Closure))
#35 C:\\Users\\63977\\Desktop\\thesis\\ITProject2\\finalThesis\\Jeff\\vendor\\fideloper\\proxy\\src\\TrustProxies.php(57): Illuminate\\Pipeline\\Pipeline->Illuminate\\Pipeline\\{closure}(Object(Illuminate\\Http\\Request))
#36 C:\\Users\\63977\\Desktop\\thesis\\ITProject2\\finalThesis\\Jeff\\vendor\\laravel\\framework\\src\\Illuminate\\Pipeline\\Pipeline.php(171): Fideloper\\Proxy\\TrustProxies->handle(Object(Illuminate\\Http\\Request), Object(Closure))
#37 C:\\Users\\63977\\Desktop\\thesis\\ITProject2\\finalThesis\\Jeff\\vendor\\laravel\\framework\\src\\Illuminate\\Pipeline\\Pipeline.php(105): Illuminate\\Pipeline\\Pipeline->Illuminate\\Pipeline\\{closure}(Object(Illuminate\\Http\\Request))
#38 C:\\Users\\63977\\Desktop\\thesis\\ITProject2\\finalThesis\\Jeff\\vendor\\laravel\\framework\\src\\Illuminate\\Foundation\\Http\\Kernel.php(145): Illuminate\\Pipeline\\Pipeline->then(Object(Closure))
#39 C:\\Users\\63977\\Desktop\\thesis\\ITProject2\\finalThesis\\Jeff\\vendor\\laravel\\framework\\src\\Illuminate\\Foundation\\Http\\Kernel.php(110): Illuminate\\Foundation\\Http\\Kernel->sendRequestThroughRouter(Object(Illuminate\\Http\\Request))
#40 C:\\Users\\63977\\Desktop\\thesis\\ITProject2\\finalThesis\\Jeff\\public\\index.php(55): Illuminate\\Foundation\\Http\\Kernel->handle(Object(Illuminate\\Http\\Request))
#41 C:\\Users\\63977\\Desktop\\thesis\\ITProject2\\finalThesis\\Jeff\\server.php(21): require_once('C:\\\\Users\\\\63977\\\\...')
#42 {main}
"} 
[2020-02-15 10:59:11] local.ERROR: Maximum execution time of 60 seconds exceeded {"userId":4,"exception":"[object] (Symfony\\Component\\Debug\\Exception\\FatalErrorException(code: 1): Maximum execution time of 60 seconds exceeded at C:\\Users\\63977\\Desktop\\thesis\\ITProject2\\finalThesis\\Jeff\\vendor\\dompdf\\dompdf\\src\\Helpers.php:506)
[stacktrace]
#0 {main}
"} 
[2020-02-15 10:59:24] local.ERROR: array_merge(): Expected parameter 2 to be an array, int given {"userId":4,"exception":"[object] (ErrorException(code: 0): array_merge(): Expected parameter 2 to be an array, int given at C:\\Users\\63977\\Desktop\\thesis\\ITProject2\\finalThesis\\Jeff\\vendor\\laravel\\framework\\src\\Illuminate\\View\\Factory.php:137)
[stacktrace]
#0 [internal function]: Illuminate\\Foundation\\Bootstrap\\HandleExceptions->handleError(2, 'array_merge(): ...', 'C:\\\\Users\\\\63977\\\\...', 137, Array)
#1 C:\\Users\\63977\\Desktop\\thesis\\ITProject2\\finalThesis\\Jeff\\vendor\\laravel\\framework\\src\\Illuminate\\View\\Factory.php(137): array_merge(Array, 0)
#2 C:\\Users\\63977\\Desktop\\thesis\\ITProject2\\finalThesis\\Jeff\\vendor\\barryvdh\\laravel-dompdf\\src\\PDF.php(119): Illuminate\\View\\Factory->make('report.jo', 0, Array)
#3 C:\\Users\\63977\\Desktop\\thesis\\ITProject2\\finalThesis\\Jeff\\vendor\\barryvdh\\laravel-dompdf\\src\\Facade.php(31): Barryvdh\\DomPDF\\PDF->loadView('report.jo', 0)
#4 C:\\Users\\63977\\Desktop\\thesis\\ITProject2\\finalThesis\\Jeff\\app\\Http\\Controllers\\api\\GenerateController.php(88): Barryvdh\\DomPDF\\Facade::__callStatic('loadView', Array)
#5 [internal function]: App\\Http\\Controllers\\api\\GenerateController->generate('6', '162')
#6 C:\\Users\\63977\\Desktop\\thesis\\ITProject2\\finalThesis\\Jeff\\vendor\\laravel\\framework\\src\\Illuminate\\Routing\\Controller.php(54): call_user_func_array(Array, Array)
#7 C:\\Users\\63977\\Desktop\\thesis\\ITProject2\\finalThesis\\Jeff\\vendor\\laravel\\framework\\src\\Illuminate\\Routing\\ControllerDispatcher.php(45): Illuminate\\Routing\\Controller->callAction('generate', Array)
#8 C:\\Users\\63977\\Desktop\\thesis\\ITProject2\\finalThesis\\Jeff\\vendor\\laravel\\framework\\src\\Illuminate\\Routing\\Route.php(219): Illuminate\\Routing\\ControllerDispatcher->dispatch(Object(Illuminate\\Routing\\Route), Object(App\\Http\\Controllers\\api\\GenerateController), 'generate')
#9 C:\\Users\\63977\\Desktop\\thesis\\ITProject2\\finalThesis\\Jeff\\vendor\\laravel\\framework\\src\\Illuminate\\Routing\\Route.php(176): Illuminate\\Routing\\Route->runController()
#10 C:\\Users\\63977\\Desktop\\thesis\\ITProject2\\finalThesis\\Jeff\\vendor\\laravel\\framework\\src\\Illuminate\\Routing\\Router.php(681): Illuminate\\Routing\\Route->run()
#11 C:\\Users\\63977\\Desktop\\thesis\\ITProject2\\finalThesis\\Jeff\\vendor\\laravel\\framework\\src\\Illuminate\\Pipeline\\Pipeline.php(130): Illuminate\\Routing\\Router->Illuminate\\Routing\\{closure}(Object(Illuminate\\Http\\Request))
#12 C:\\Users\\63977\\Desktop\\thesis\\ITProject2\\finalThesis\\Jeff\\vendor\\laravel\\framework\\src\\Illuminate\\Routing\\Middleware\\SubstituteBindings.php(41): Illuminate\\Pipeline\\Pipeline->Illuminate\\Pipeline\\{closure}(Object(Illuminate\\Http\\Request))
#13 C:\\Users\\63977\\Desktop\\thesis\\ITProject2\\finalThesis\\Jeff\\vendor\\laravel\\framework\\src\\Illuminate\\Pipeline\\Pipeline.php(171): Illuminate\\Routing\\Middleware\\SubstituteBindings->handle(Object(Illuminate\\Http\\Request), Object(Closure))
#14 C:\\Users\\63977\\Desktop\\thesis\\ITProject2\\finalThesis\\Jeff\\vendor\\laravel\\framework\\src\\Illuminate\\Foundation\\Http\\Middleware\\VerifyCsrfToken.php(76): Illuminate\\Pipeline\\Pipeline->Illuminate\\Pipeline\\{closure}(Object(Illuminate\\Http\\Request))
#15 C:\\Users\\63977\\Desktop\\thesis\\ITProject2\\finalThesis\\Jeff\\vendor\\laravel\\framework\\src\\Illuminate\\Pipeline\\Pipeline.php(171): Illuminate\\Foundation\\Http\\Middleware\\VerifyCsrfToken->handle(Object(Illuminate\\Http\\Request), Object(Closure))
#16 C:\\Users\\63977\\Desktop\\thesis\\ITProject2\\finalThesis\\Jeff\\vendor\\laravel\\framework\\src\\Illuminate\\View\\Middleware\\ShareErrorsFromSession.php(49): Illuminate\\Pipeline\\Pipeline->Illuminate\\Pipeline\\{closure}(Object(Illuminate\\Http\\Request))
#17 C:\\Users\\63977\\Desktop\\thesis\\ITProject2\\finalThesis\\Jeff\\vendor\\laravel\\framework\\src\\Illuminate\\Pipeline\\Pipeline.php(171): Illuminate\\View\\Middleware\\ShareErrorsFromSession->handle(Object(Illuminate\\Http\\Request), Object(Closure))
#18 C:\\Users\\63977\\Desktop\\thesis\\ITProject2\\finalThesis\\Jeff\\vendor\\laravel\\framework\\src\\Illuminate\\Session\\Middleware\\StartSession.php(56): Illuminate\\Pipeline\\Pipeline->Illuminate\\Pipeline\\{closure}(Object(Illuminate\\Http\\Request))
#19 C:\\Users\\63977\\Desktop\\thesis\\ITProject2\\finalThesis\\Jeff\\vendor\\laravel\\framework\\src\\Illuminate\\Pipeline\\Pipeline.php(171): Illuminate\\Session\\Middleware\\StartSession->handle(Object(Illuminate\\Http\\Request), Object(Closure))
#20 C:\\Users\\63977\\Desktop\\thesis\\ITProject2\\finalThesis\\Jeff\\vendor\\laravel\\framework\\src\\Illuminate\\Cookie\\Middleware\\AddQueuedCookiesToResponse.php(37): Illuminate\\Pipeline\\Pipeline->Illuminate\\Pipeline\\{closure}(Object(Illuminate\\Http\\Request))
#21 C:\\Users\\63977\\Desktop\\thesis\\ITProject2\\finalThesis\\Jeff\\vendor\\laravel\\framework\\src\\Illuminate\\Pipeline\\Pipeline.php(171): Illuminate\\Cookie\\Middleware\\AddQueuedCookiesToResponse->handle(Object(Illuminate\\Http\\Request), Object(Closure))
#22 C:\\Users\\63977\\Desktop\\thesis\\ITProject2\\finalThesis\\Jeff\\vendor\\laravel\\framework\\src\\Illuminate\\Cookie\\Middleware\\EncryptCookies.php(66): Illuminate\\Pipeline\\Pipeline->Illuminate\\Pipeline\\{closure}(Object(Illuminate\\Http\\Request))
#23 C:\\Users\\63977\\Desktop\\thesis\\ITProject2\\finalThesis\\Jeff\\vendor\\laravel\\framework\\src\\Illuminate\\Pipeline\\Pipeline.php(171): Illuminate\\Cookie\\Middleware\\EncryptCookies->handle(Object(Illuminate\\Http\\Request), Object(Closure))
#24 C:\\Users\\63977\\Desktop\\thesis\\ITProject2\\finalThesis\\Jeff\\vendor\\laravel\\framework\\src\\Illuminate\\Pipeline\\Pipeline.php(105): Illuminate\\Pipeline\\Pipeline->Illuminate\\Pipeline\\{closure}(Object(Illuminate\\Http\\Request))
#25 C:\\Users\\63977\\Desktop\\thesis\\ITProject2\\finalThesis\\Jeff\\vendor\\laravel\\framework\\src\\Illuminate\\Routing\\Router.php(683): Illuminate\\Pipeline\\Pipeline->then(Object(Closure))
#26 C:\\Users\\63977\\Desktop\\thesis\\ITProject2\\finalThesis\\Jeff\\vendor\\laravel\\framework\\src\\Illuminate\\Routing\\Router.php(658): Illuminate\\Routing\\Router->runRouteWithinStack(Object(Illuminate\\Routing\\Route), Object(Illuminate\\Http\\Request))
#27 C:\\Users\\63977\\Desktop\\thesis\\ITProject2\\finalThesis\\Jeff\\vendor\\laravel\\framework\\src\\Illuminate\\Routing\\Router.php(624): Illuminate\\Routing\\Router->runRoute(Object(Illuminate\\Http\\Request), Object(Illuminate\\Routing\\Route))
#28 C:\\Users\\63977\\Desktop\\thesis\\ITProject2\\finalThesis\\Jeff\\vendor\\laravel\\framework\\src\\Illuminate\\Routing\\Router.php(613): Illuminate\\Routing\\Router->dispatchToRoute(Object(Illuminate\\Http\\Request))
#29 C:\\Users\\63977\\Desktop\\thesis\\ITProject2\\finalThesis\\Jeff\\vendor\\laravel\\framework\\src\\Illuminate\\Foundation\\Http\\Kernel.php(170): Illuminate\\Routing\\Router->dispatch(Object(Illuminate\\Http\\Request))
#30 C:\\Users\\63977\\Desktop\\thesis\\ITProject2\\finalThesis\\Jeff\\vendor\\laravel\\framework\\src\\Illuminate\\Pipeline\\Pipeline.php(130): Illuminate\\Foundation\\Http\\Kernel->Illuminate\\Foundation\\Http\\{closure}(Object(Illuminate\\Http\\Request))
#31 C:\\Users\\63977\\Desktop\\thesis\\ITProject2\\finalThesis\\Jeff\\vendor\\laravel\\framework\\src\\Illuminate\\Foundation\\Http\\Middleware\\TransformsRequest.php(21): Illuminate\\Pipeline\\Pipeline->Illuminate\\Pipeline\\{closure}(Object(Illuminate\\Http\\Request))
#32 C:\\Users\\63977\\Desktop\\thesis\\ITProject2\\finalThesis\\Jeff\\vendor\\laravel\\framework\\src\\Illuminate\\Pipeline\\Pipeline.php(171): Illuminate\\Foundation\\Http\\Middleware\\TransformsRequest->handle(Object(Illuminate\\Http\\Request), Object(Closure))
#33 C:\\Users\\63977\\Desktop\\thesis\\ITProject2\\finalThesis\\Jeff\\vendor\\laravel\\framework\\src\\Illuminate\\Foundation\\Http\\Middleware\\TransformsRequest.php(21): Illuminate\\Pipeline\\Pipeline->Illuminate\\Pipeline\\{closure}(Object(Illuminate\\Http\\Request))
#34 C:\\Users\\63977\\Desktop\\thesis\\ITProject2\\finalThesis\\Jeff\\vendor\\laravel\\framework\\src\\Illuminate\\Pipeline\\Pipeline.php(171): Illuminate\\Foundation\\Http\\Middleware\\TransformsRequest->handle(Object(Illuminate\\Http\\Request), Object(Closure))
#35 C:\\Users\\63977\\Desktop\\thesis\\ITProject2\\finalThesis\\Jeff\\vendor\\laravel\\framework\\src\\Illuminate\\Foundation\\Http\\Middleware\\ValidatePostSize.php(27): Illuminate\\Pipeline\\Pipeline->Illuminate\\Pipeline\\{closure}(Object(Illuminate\\Http\\Request))
#36 C:\\Users\\63977\\Desktop\\thesis\\ITProject2\\finalThesis\\Jeff\\vendor\\laravel\\framework\\src\\Illuminate\\Pipeline\\Pipeline.php(171): Illuminate\\Foundation\\Http\\Middleware\\ValidatePostSize->handle(Object(Illuminate\\Http\\Request), Object(Closure))
#37 C:\\Users\\63977\\Desktop\\thesis\\ITProject2\\finalThesis\\Jeff\\vendor\\laravel\\framework\\src\\Illuminate\\Foundation\\Http\\Middleware\\CheckForMaintenanceMode.php(62): Illuminate\\Pipeline\\Pipeline->Illuminate\\Pipeline\\{closure}(Object(Illuminate\\Http\\Request))
#38 C:\\Users\\63977\\Desktop\\thesis\\ITProject2\\finalThesis\\Jeff\\vendor\\laravel\\framework\\src\\Illuminate\\Pipeline\\Pipeline.php(171): Illuminate\\Foundation\\Http\\Middleware\\CheckForMaintenanceMode->handle(Object(Illuminate\\Http\\Request), Object(Closure))
#39 C:\\Users\\63977\\Desktop\\thesis\\ITProject2\\finalThesis\\Jeff\\vendor\\fideloper\\proxy\\src\\TrustProxies.php(57): Illuminate\\Pipeline\\Pipeline->Illuminate\\Pipeline\\{closure}(Object(Illuminate\\Http\\Request))
#40 C:\\Users\\63977\\Desktop\\thesis\\ITProject2\\finalThesis\\Jeff\\vendor\\laravel\\framework\\src\\Illuminate\\Pipeline\\Pipeline.php(171): Fideloper\\Proxy\\TrustProxies->handle(Object(Illuminate\\Http\\Request), Object(Closure))
#41 C:\\Users\\63977\\Desktop\\thesis\\ITProject2\\finalThesis\\Jeff\\vendor\\laravel\\framework\\src\\Illuminate\\Pipeline\\Pipeline.php(105): Illuminate\\Pipeline\\Pipeline->Illuminate\\Pipeline\\{closure}(Object(Illuminate\\Http\\Request))
#42 C:\\Users\\63977\\Desktop\\thesis\\ITProject2\\finalThesis\\Jeff\\vendor\\laravel\\framework\\src\\Illuminate\\Foundation\\Http\\Kernel.php(145): Illuminate\\Pipeline\\Pipeline->then(Object(Closure))
#43 C:\\Users\\63977\\Desktop\\thesis\\ITProject2\\finalThesis\\Jeff\\vendor\\laravel\\framework\\src\\Illuminate\\Foundation\\Http\\Kernel.php(110): Illuminate\\Foundation\\Http\\Kernel->sendRequestThroughRouter(Object(Illuminate\\Http\\Request))
#44 C:\\Users\\63977\\Desktop\\thesis\\ITProject2\\finalThesis\\Jeff\\public\\index.php(55): Illuminate\\Foundation\\Http\\Kernel->handle(Object(Illuminate\\Http\\Request))
#45 C:\\Users\\63977\\Desktop\\thesis\\ITProject2\\finalThesis\\Jeff\\server.php(21): require_once('C:\\\\Users\\\\63977\\\\...')
#46 {main}
"} 
